INFO [2022-08-26 09:50:46] $x
INFO [2022-08-26 09:50:46] list_venn
INFO [2022-08-26 09:50:46] 
INFO [2022-08-26 09:50:46] $filename
INFO [2022-08-26 09:50:46] NULL
INFO [2022-08-26 09:50:46] 
INFO [2022-08-26 09:50:46] $imagetype
INFO [2022-08-26 09:50:46] [1] "png"
INFO [2022-08-26 09:50:46] 
INFO [2022-08-26 09:50:46] $resolution
INFO [2022-08-26 09:50:46] [1] 300
INFO [2022-08-26 09:50:46] 
INFO [2022-08-26 09:50:46] $disable.logging
INFO [2022-08-26 09:50:46] T
INFO [2022-08-26 09:50:46] 
INFO [2022-08-26 09:50:46] $lwd
INFO [2022-08-26 09:50:46] [1] 2
INFO [2022-08-26 09:50:46] 
INFO [2022-08-26 09:50:46] $lty
INFO [2022-08-26 09:50:46] [1] "blank"
INFO [2022-08-26 09:50:46] 
INFO [2022-08-26 09:50:46] $fill
INFO [2022-08-26 09:50:46] c(alpha("#66C2A5", 0.5), alpha("#FC8D62", 0.5))
INFO [2022-08-26 09:50:46] 
INFO [2022-08-26 09:50:46] $cex
INFO [2022-08-26 09:50:46] [1] 0.5
INFO [2022-08-26 09:50:46] 
INFO [2022-08-26 09:50:46] $fontface
INFO [2022-08-26 09:50:46] [1] "bold"
INFO [2022-08-26 09:50:46] 
INFO [2022-08-26 09:50:46] $fontfamily
INFO [2022-08-26 09:50:46] [1] "sans"
INFO [2022-08-26 09:50:46] 
INFO [2022-08-26 09:50:46] $ext.text
INFO [2022-08-26 09:50:46] F
INFO [2022-08-26 09:50:46] 
INFO [2022-08-26 09:50:46] $scaled
INFO [2022-08-26 09:50:46] T
INFO [2022-08-26 09:50:46] 
INFO [2022-08-26 09:50:46] $cat.cex
INFO [2022-08-26 09:50:46] [1] 0.8
INFO [2022-08-26 09:50:46] 
INFO [2022-08-26 09:50:46] $cat.fontface
INFO [2022-08-26 09:50:46] [1] "bold"
INFO [2022-08-26 09:50:46] 
INFO [2022-08-26 09:50:46] $cat.fontfamily
INFO [2022-08-26 09:50:46] [1] "sans"
INFO [2022-08-26 09:50:46] 
INFO [2022-08-26 09:50:46] [[17]]
INFO [2022-08-26 09:50:46] 
INFO [2022-08-26 09:50:46] 
