INFO [2022-08-26 09:50:56] $x
INFO [2022-08-26 09:50:56] gs_venn_lists
INFO [2022-08-26 09:50:56] 
INFO [2022-08-26 09:50:56] $filename
INFO [2022-08-26 09:50:56] NULL
INFO [2022-08-26 09:50:56] 
INFO [2022-08-26 09:50:56] $imagetype
INFO [2022-08-26 09:50:56] [1] "png"
INFO [2022-08-26 09:50:56] 
INFO [2022-08-26 09:50:56] $resolution
INFO [2022-08-26 09:50:56] [1] 300
INFO [2022-08-26 09:50:56] 
INFO [2022-08-26 09:50:56] $disable.logging
INFO [2022-08-26 09:50:56] T
INFO [2022-08-26 09:50:56] 
INFO [2022-08-26 09:50:56] $lwd
INFO [2022-08-26 09:50:56] [1] 2
INFO [2022-08-26 09:50:56] 
INFO [2022-08-26 09:50:56] $lty
INFO [2022-08-26 09:50:56] [1] "blank"
INFO [2022-08-26 09:50:56] 
INFO [2022-08-26 09:50:56] $fill
INFO [2022-08-26 09:50:56] c(alpha("#66C2A5", 0.5), alpha("#FC8D62", 0.5))
INFO [2022-08-26 09:50:56] 
INFO [2022-08-26 09:50:56] $cex
INFO [2022-08-26 09:50:56] [1] 0.5
INFO [2022-08-26 09:50:56] 
INFO [2022-08-26 09:50:56] $fontface
INFO [2022-08-26 09:50:56] [1] "bold"
INFO [2022-08-26 09:50:56] 
INFO [2022-08-26 09:50:56] $fontfamily
INFO [2022-08-26 09:50:56] [1] "sans"
INFO [2022-08-26 09:50:56] 
INFO [2022-08-26 09:50:56] $ext.text
INFO [2022-08-26 09:50:56] F
INFO [2022-08-26 09:50:56] 
INFO [2022-08-26 09:50:56] $scaled
INFO [2022-08-26 09:50:56] T
INFO [2022-08-26 09:50:56] 
INFO [2022-08-26 09:50:56] $cat.cex
INFO [2022-08-26 09:50:56] [1] 0.8
INFO [2022-08-26 09:50:56] 
INFO [2022-08-26 09:50:56] $cat.fontface
INFO [2022-08-26 09:50:56] [1] "bold"
INFO [2022-08-26 09:50:56] 
INFO [2022-08-26 09:50:56] $cat.fontfamily
INFO [2022-08-26 09:50:56] [1] "sans"
INFO [2022-08-26 09:50:56] 
INFO [2022-08-26 09:50:56] [[17]]
INFO [2022-08-26 09:50:56] 
INFO [2022-08-26 09:50:56] 
