INFO [2022-08-26 16:05:21] $x
INFO [2022-08-26 16:05:21] gs_venn_lists
INFO [2022-08-26 16:05:21] 
INFO [2022-08-26 16:05:21] $filename
INFO [2022-08-26 16:05:21] NULL
INFO [2022-08-26 16:05:21] 
INFO [2022-08-26 16:05:21] $imagetype
INFO [2022-08-26 16:05:21] [1] "png"
INFO [2022-08-26 16:05:21] 
INFO [2022-08-26 16:05:21] $resolution
INFO [2022-08-26 16:05:21] [1] 600
INFO [2022-08-26 16:05:21] 
INFO [2022-08-26 16:05:21] $disable.logging
INFO [2022-08-26 16:05:21] T
INFO [2022-08-26 16:05:21] 
INFO [2022-08-26 16:05:21] $lwd
INFO [2022-08-26 16:05:21] [1] 2
INFO [2022-08-26 16:05:21] 
INFO [2022-08-26 16:05:21] $lty
INFO [2022-08-26 16:05:21] [1] "blank"
INFO [2022-08-26 16:05:21] 
INFO [2022-08-26 16:05:21] $inverted
INFO [2022-08-26 16:05:21] T
INFO [2022-08-26 16:05:21] 
INFO [2022-08-26 16:05:21] $fill
INFO [2022-08-26 16:05:21] c("#F8766D", "#00BFC4")
INFO [2022-08-26 16:05:21] 
INFO [2022-08-26 16:05:21] $cex
INFO [2022-08-26 16:05:21] c(0.7, 0.7, 0.7)
INFO [2022-08-26 16:05:21] 
INFO [2022-08-26 16:05:21] $fontfamily
INFO [2022-08-26 16:05:21] [1] "sans"
INFO [2022-08-26 16:05:21] 
INFO [2022-08-26 16:05:21] $ext.text
INFO [2022-08-26 16:05:21] F
INFO [2022-08-26 16:05:21] 
INFO [2022-08-26 16:05:21] $scaled
INFO [2022-08-26 16:05:21] F
INFO [2022-08-26 16:05:21] 
INFO [2022-08-26 16:05:21] $cat.cex
INFO [2022-08-26 16:05:21] [1] 1.2
INFO [2022-08-26 16:05:21] 
INFO [2022-08-26 16:05:21] $cat.fontface
INFO [2022-08-26 16:05:21] [1] "bold"
INFO [2022-08-26 16:05:21] 
INFO [2022-08-26 16:05:21] $cat.fontfamily
INFO [2022-08-26 16:05:21] [1] "sans"
INFO [2022-08-26 16:05:21] 
INFO [2022-08-26 16:05:21] $margin
INFO [2022-08-26 16:05:21] [1] 0.05
INFO [2022-08-26 16:05:21] 
INFO [2022-08-26 16:05:21] [[18]]
INFO [2022-08-26 16:05:21] 
INFO [2022-08-26 16:05:21] 
