INFO [2022-08-26 15:52:53] $x
INFO [2022-08-26 15:52:53] list_venn
INFO [2022-08-26 15:52:53] 
INFO [2022-08-26 15:52:53] $filename
INFO [2022-08-26 15:52:53] NULL
INFO [2022-08-26 15:52:53] 
INFO [2022-08-26 15:52:53] $imagetype
INFO [2022-08-26 15:52:53] [1] "png"
INFO [2022-08-26 15:52:53] 
INFO [2022-08-26 15:52:53] $resolution
INFO [2022-08-26 15:52:53] [1] 600
INFO [2022-08-26 15:52:53] 
INFO [2022-08-26 15:52:53] $disable.logging
INFO [2022-08-26 15:52:53] T
INFO [2022-08-26 15:52:53] 
INFO [2022-08-26 15:52:53] $lwd
INFO [2022-08-26 15:52:53] [1] 2
INFO [2022-08-26 15:52:53] 
INFO [2022-08-26 15:52:53] $lty
INFO [2022-08-26 15:52:53] [1] "blank"
INFO [2022-08-26 15:52:53] 
INFO [2022-08-26 15:52:53] $fill
INFO [2022-08-26 15:52:53] c("#F8766D", "#00BFC4")
INFO [2022-08-26 15:52:53] 
INFO [2022-08-26 15:52:53] $cex
INFO [2022-08-26 15:52:53] c(1, 1, 1)
INFO [2022-08-26 15:52:53] 
INFO [2022-08-26 15:52:53] $fontfamily
INFO [2022-08-26 15:52:53] [1] "sans"
INFO [2022-08-26 15:52:53] 
INFO [2022-08-26 15:52:53] $ext.text
INFO [2022-08-26 15:52:53] F
INFO [2022-08-26 15:52:53] 
INFO [2022-08-26 15:52:53] $scaled
INFO [2022-08-26 15:52:53] F
INFO [2022-08-26 15:52:53] 
INFO [2022-08-26 15:52:53] $cat.cex
INFO [2022-08-26 15:52:53] [1] 1
INFO [2022-08-26 15:52:53] 
INFO [2022-08-26 15:52:53] $cat.fontface
INFO [2022-08-26 15:52:53] [1] "bold"
INFO [2022-08-26 15:52:53] 
INFO [2022-08-26 15:52:53] $cat.fontfamily
INFO [2022-08-26 15:52:53] [1] "sans"
INFO [2022-08-26 15:52:53] 
INFO [2022-08-26 15:52:53] $margin
INFO [2022-08-26 15:52:53] [1] 0.05
INFO [2022-08-26 15:52:53] 
INFO [2022-08-26 15:52:53] [[17]]
INFO [2022-08-26 15:52:53] 
INFO [2022-08-26 15:52:53] 
