INFO [2022-08-26 15:59:39] $x
INFO [2022-08-26 15:59:39] list_venn
INFO [2022-08-26 15:59:39] 
INFO [2022-08-26 15:59:39] $filename
INFO [2022-08-26 15:59:39] NULL
INFO [2022-08-26 15:59:39] 
INFO [2022-08-26 15:59:39] $imagetype
INFO [2022-08-26 15:59:39] [1] "png"
INFO [2022-08-26 15:59:39] 
INFO [2022-08-26 15:59:39] $resolution
INFO [2022-08-26 15:59:39] [1] 600
INFO [2022-08-26 15:59:39] 
INFO [2022-08-26 15:59:39] $disable.logging
INFO [2022-08-26 15:59:39] T
INFO [2022-08-26 15:59:39] 
INFO [2022-08-26 15:59:39] $lwd
INFO [2022-08-26 15:59:39] [1] 2
INFO [2022-08-26 15:59:39] 
INFO [2022-08-26 15:59:39] $lty
INFO [2022-08-26 15:59:39] [1] "blank"
INFO [2022-08-26 15:59:39] 
INFO [2022-08-26 15:59:39] $fill
INFO [2022-08-26 15:59:39] c("#F8766D", "#00BFC4")
INFO [2022-08-26 15:59:39] 
INFO [2022-08-26 15:59:39] $inverted
INFO [2022-08-26 15:59:39] T
INFO [2022-08-26 15:59:39] 
INFO [2022-08-26 15:59:39] $cex
INFO [2022-08-26 15:59:39] c(1, 0.8, 1)
INFO [2022-08-26 15:59:39] 
INFO [2022-08-26 15:59:39] $fontfamily
INFO [2022-08-26 15:59:39] [1] "sans"
INFO [2022-08-26 15:59:39] 
INFO [2022-08-26 15:59:39] $ext.text
INFO [2022-08-26 15:59:39] F
INFO [2022-08-26 15:59:39] 
INFO [2022-08-26 15:59:39] $scaled
INFO [2022-08-26 15:59:39] F
INFO [2022-08-26 15:59:39] 
INFO [2022-08-26 15:59:39] $cat.cex
INFO [2022-08-26 15:59:39] [1] 1
INFO [2022-08-26 15:59:39] 
INFO [2022-08-26 15:59:39] $cat.fontface
INFO [2022-08-26 15:59:39] [1] "bold"
INFO [2022-08-26 15:59:39] 
INFO [2022-08-26 15:59:39] $cat.fontfamily
INFO [2022-08-26 15:59:39] [1] "sans"
INFO [2022-08-26 15:59:39] 
INFO [2022-08-26 15:59:39] $margin
INFO [2022-08-26 15:59:39] [1] 0.05
INFO [2022-08-26 15:59:39] 
INFO [2022-08-26 15:59:39] [[18]]
INFO [2022-08-26 15:59:39] 
INFO [2022-08-26 15:59:39] 
