INFO [2022-08-26 16:01:46] $x
INFO [2022-08-26 16:01:46] list_venn
INFO [2022-08-26 16:01:46] 
INFO [2022-08-26 16:01:46] $filename
INFO [2022-08-26 16:01:46] NULL
INFO [2022-08-26 16:01:46] 
INFO [2022-08-26 16:01:46] $imagetype
INFO [2022-08-26 16:01:46] [1] "png"
INFO [2022-08-26 16:01:46] 
INFO [2022-08-26 16:01:46] $resolution
INFO [2022-08-26 16:01:46] [1] 600
INFO [2022-08-26 16:01:46] 
INFO [2022-08-26 16:01:46] $disable.logging
INFO [2022-08-26 16:01:46] T
INFO [2022-08-26 16:01:46] 
INFO [2022-08-26 16:01:46] $lwd
INFO [2022-08-26 16:01:46] [1] 2
INFO [2022-08-26 16:01:46] 
INFO [2022-08-26 16:01:46] $lty
INFO [2022-08-26 16:01:46] [1] "blank"
INFO [2022-08-26 16:01:46] 
INFO [2022-08-26 16:01:46] $fill
INFO [2022-08-26 16:01:46] c("#F8766D", "#00BFC4")
INFO [2022-08-26 16:01:46] 
INFO [2022-08-26 16:01:46] $inverted
INFO [2022-08-26 16:01:46] T
INFO [2022-08-26 16:01:46] 
INFO [2022-08-26 16:01:46] $cex
INFO [2022-08-26 16:01:46] c(1, 0.8, 1)
INFO [2022-08-26 16:01:46] 
INFO [2022-08-26 16:01:46] $fontfamily
INFO [2022-08-26 16:01:46] [1] "sans"
INFO [2022-08-26 16:01:46] 
INFO [2022-08-26 16:01:46] $ext.text
INFO [2022-08-26 16:01:46] F
INFO [2022-08-26 16:01:46] 
INFO [2022-08-26 16:01:46] $scaled
INFO [2022-08-26 16:01:46] F
INFO [2022-08-26 16:01:46] 
INFO [2022-08-26 16:01:46] $cat.cex
INFO [2022-08-26 16:01:46] [1] 1
INFO [2022-08-26 16:01:46] 
INFO [2022-08-26 16:01:46] $cat.fontface
INFO [2022-08-26 16:01:46] [1] "bold"
INFO [2022-08-26 16:01:46] 
INFO [2022-08-26 16:01:46] $cat.fontfamily
INFO [2022-08-26 16:01:46] [1] "sans"
INFO [2022-08-26 16:01:46] 
INFO [2022-08-26 16:01:46] $margin
INFO [2022-08-26 16:01:46] [1] 0.05
INFO [2022-08-26 16:01:46] 
INFO [2022-08-26 16:01:46] [[18]]
INFO [2022-08-26 16:01:46] 
INFO [2022-08-26 16:01:46] 
