INFO [2022-08-26 15:55:02] $x
INFO [2022-08-26 15:55:02] list_venn
INFO [2022-08-26 15:55:02] 
INFO [2022-08-26 15:55:02] $filename
INFO [2022-08-26 15:55:02] NULL
INFO [2022-08-26 15:55:02] 
INFO [2022-08-26 15:55:02] $imagetype
INFO [2022-08-26 15:55:02] [1] "png"
INFO [2022-08-26 15:55:02] 
INFO [2022-08-26 15:55:02] $resolution
INFO [2022-08-26 15:55:02] [1] 600
INFO [2022-08-26 15:55:02] 
INFO [2022-08-26 15:55:02] $disable.logging
INFO [2022-08-26 15:55:02] T
INFO [2022-08-26 15:55:02] 
INFO [2022-08-26 15:55:02] $lwd
INFO [2022-08-26 15:55:02] [1] 2
INFO [2022-08-26 15:55:02] 
INFO [2022-08-26 15:55:02] $lty
INFO [2022-08-26 15:55:02] [1] "blank"
INFO [2022-08-26 15:55:02] 
INFO [2022-08-26 15:55:02] $fill
INFO [2022-08-26 15:55:02] c("#F8766D", "#00BFC4")
INFO [2022-08-26 15:55:02] 
INFO [2022-08-26 15:55:02] $cex
INFO [2022-08-26 15:55:02] c(1, 1, 1)
INFO [2022-08-26 15:55:02] 
INFO [2022-08-26 15:55:02] $fontfamily
INFO [2022-08-26 15:55:02] [1] "sans"
INFO [2022-08-26 15:55:02] 
INFO [2022-08-26 15:55:02] $ext.text
INFO [2022-08-26 15:55:02] F
INFO [2022-08-26 15:55:02] 
INFO [2022-08-26 15:55:02] $scaled
INFO [2022-08-26 15:55:02] F
INFO [2022-08-26 15:55:02] 
INFO [2022-08-26 15:55:02] $cat.cex
INFO [2022-08-26 15:55:02] [1] 1
INFO [2022-08-26 15:55:02] 
INFO [2022-08-26 15:55:02] $cat.fontface
INFO [2022-08-26 15:55:02] [1] "bold"
INFO [2022-08-26 15:55:02] 
INFO [2022-08-26 15:55:02] $cat.fontfamily
INFO [2022-08-26 15:55:02] [1] "sans"
INFO [2022-08-26 15:55:02] 
INFO [2022-08-26 15:55:02] $margin
INFO [2022-08-26 15:55:02] [1] 0.05
INFO [2022-08-26 15:55:02] 
INFO [2022-08-26 15:55:02] [[17]]
INFO [2022-08-26 15:55:02] 
INFO [2022-08-26 15:55:02] 
