INFO [2022-08-26 16:06:41] $x
INFO [2022-08-26 16:06:41] gs_venn_lists
INFO [2022-08-26 16:06:41] 
INFO [2022-08-26 16:06:41] $filename
INFO [2022-08-26 16:06:41] NULL
INFO [2022-08-26 16:06:41] 
INFO [2022-08-26 16:06:41] $imagetype
INFO [2022-08-26 16:06:41] [1] "png"
INFO [2022-08-26 16:06:41] 
INFO [2022-08-26 16:06:41] $resolution
INFO [2022-08-26 16:06:41] [1] 600
INFO [2022-08-26 16:06:41] 
INFO [2022-08-26 16:06:41] $disable.logging
INFO [2022-08-26 16:06:41] T
INFO [2022-08-26 16:06:41] 
INFO [2022-08-26 16:06:41] $lwd
INFO [2022-08-26 16:06:41] [1] 2
INFO [2022-08-26 16:06:41] 
INFO [2022-08-26 16:06:41] $lty
INFO [2022-08-26 16:06:41] [1] "blank"
INFO [2022-08-26 16:06:41] 
INFO [2022-08-26 16:06:41] $inverted
INFO [2022-08-26 16:06:41] T
INFO [2022-08-26 16:06:41] 
INFO [2022-08-26 16:06:41] $fill
INFO [2022-08-26 16:06:41] c("#F8766D", "#00BFC4")
INFO [2022-08-26 16:06:41] 
INFO [2022-08-26 16:06:41] $cex
INFO [2022-08-26 16:06:41] c(0.7, 0.7, 0.7)
INFO [2022-08-26 16:06:41] 
INFO [2022-08-26 16:06:41] $fontfamily
INFO [2022-08-26 16:06:41] [1] "sans"
INFO [2022-08-26 16:06:41] 
INFO [2022-08-26 16:06:41] $ext.text
INFO [2022-08-26 16:06:41] F
INFO [2022-08-26 16:06:41] 
INFO [2022-08-26 16:06:41] $scaled
INFO [2022-08-26 16:06:41] F
INFO [2022-08-26 16:06:41] 
INFO [2022-08-26 16:06:41] $cat.cex
INFO [2022-08-26 16:06:41] [1] 1.2
INFO [2022-08-26 16:06:41] 
INFO [2022-08-26 16:06:41] $cat.fontface
INFO [2022-08-26 16:06:41] [1] "bold"
INFO [2022-08-26 16:06:41] 
INFO [2022-08-26 16:06:41] $cat.fontfamily
INFO [2022-08-26 16:06:41] [1] "sans"
INFO [2022-08-26 16:06:41] 
INFO [2022-08-26 16:06:41] $margin
INFO [2022-08-26 16:06:41] [1] 0.05
INFO [2022-08-26 16:06:41] 
INFO [2022-08-26 16:06:41] [[18]]
INFO [2022-08-26 16:06:41] 
INFO [2022-08-26 16:06:41] 
