INFO [2022-08-26 15:56:07] $x
INFO [2022-08-26 15:56:07] list_venn
INFO [2022-08-26 15:56:07] 
INFO [2022-08-26 15:56:07] $filename
INFO [2022-08-26 15:56:07] NULL
INFO [2022-08-26 15:56:07] 
INFO [2022-08-26 15:56:07] $imagetype
INFO [2022-08-26 15:56:07] [1] "png"
INFO [2022-08-26 15:56:07] 
INFO [2022-08-26 15:56:07] $resolution
INFO [2022-08-26 15:56:07] [1] 600
INFO [2022-08-26 15:56:07] 
INFO [2022-08-26 15:56:07] $disable.logging
INFO [2022-08-26 15:56:07] T
INFO [2022-08-26 15:56:07] 
INFO [2022-08-26 15:56:07] $lwd
INFO [2022-08-26 15:56:07] [1] 2
INFO [2022-08-26 15:56:07] 
INFO [2022-08-26 15:56:07] $lty
INFO [2022-08-26 15:56:07] [1] "blank"
INFO [2022-08-26 15:56:07] 
INFO [2022-08-26 15:56:07] $fill
INFO [2022-08-26 15:56:07] c("#F8766D", "#00BFC4")
INFO [2022-08-26 15:56:07] 
INFO [2022-08-26 15:56:07] $inverted
INFO [2022-08-26 15:56:07] T
INFO [2022-08-26 15:56:07] 
INFO [2022-08-26 15:56:07] $cex
INFO [2022-08-26 15:56:07] c(1, 1, 1)
INFO [2022-08-26 15:56:07] 
INFO [2022-08-26 15:56:07] $fontfamily
INFO [2022-08-26 15:56:07] [1] "sans"
INFO [2022-08-26 15:56:07] 
INFO [2022-08-26 15:56:07] $ext.text
INFO [2022-08-26 15:56:07] F
INFO [2022-08-26 15:56:07] 
INFO [2022-08-26 15:56:07] $scaled
INFO [2022-08-26 15:56:07] F
INFO [2022-08-26 15:56:07] 
INFO [2022-08-26 15:56:07] $cat.cex
INFO [2022-08-26 15:56:07] [1] 1
INFO [2022-08-26 15:56:07] 
INFO [2022-08-26 15:56:07] $cat.fontface
INFO [2022-08-26 15:56:07] [1] "bold"
INFO [2022-08-26 15:56:07] 
INFO [2022-08-26 15:56:07] $cat.fontfamily
INFO [2022-08-26 15:56:07] [1] "sans"
INFO [2022-08-26 15:56:07] 
INFO [2022-08-26 15:56:07] $margin
INFO [2022-08-26 15:56:07] [1] 0.05
INFO [2022-08-26 15:56:07] 
INFO [2022-08-26 15:56:07] [[18]]
INFO [2022-08-26 15:56:07] 
INFO [2022-08-26 15:56:07] 
