INFO [2022-08-26 16:06:20] $x
INFO [2022-08-26 16:06:20] gs_venn_lists
INFO [2022-08-26 16:06:20] 
INFO [2022-08-26 16:06:20] $filename
INFO [2022-08-26 16:06:20] NULL
INFO [2022-08-26 16:06:20] 
INFO [2022-08-26 16:06:20] $imagetype
INFO [2022-08-26 16:06:20] [1] "png"
INFO [2022-08-26 16:06:20] 
INFO [2022-08-26 16:06:20] $resolution
INFO [2022-08-26 16:06:20] [1] 600
INFO [2022-08-26 16:06:20] 
INFO [2022-08-26 16:06:20] $disable.logging
INFO [2022-08-26 16:06:20] T
INFO [2022-08-26 16:06:20] 
INFO [2022-08-26 16:06:20] $lwd
INFO [2022-08-26 16:06:20] [1] 2
INFO [2022-08-26 16:06:20] 
INFO [2022-08-26 16:06:20] $lty
INFO [2022-08-26 16:06:20] [1] "blank"
INFO [2022-08-26 16:06:20] 
INFO [2022-08-26 16:06:20] $fill
INFO [2022-08-26 16:06:20] c("#F8766D", "#00BFC4")
INFO [2022-08-26 16:06:20] 
INFO [2022-08-26 16:06:20] $cex
INFO [2022-08-26 16:06:20] c(0.7, 0.7, 0.7)
INFO [2022-08-26 16:06:20] 
INFO [2022-08-26 16:06:20] $fontfamily
INFO [2022-08-26 16:06:20] [1] "sans"
INFO [2022-08-26 16:06:20] 
INFO [2022-08-26 16:06:20] $ext.text
INFO [2022-08-26 16:06:20] F
INFO [2022-08-26 16:06:20] 
INFO [2022-08-26 16:06:20] $scaled
INFO [2022-08-26 16:06:20] F
INFO [2022-08-26 16:06:20] 
INFO [2022-08-26 16:06:20] $cat.cex
INFO [2022-08-26 16:06:20] [1] 1.2
INFO [2022-08-26 16:06:20] 
INFO [2022-08-26 16:06:20] $cat.fontface
INFO [2022-08-26 16:06:20] [1] "bold"
INFO [2022-08-26 16:06:20] 
INFO [2022-08-26 16:06:20] $cat.fontfamily
INFO [2022-08-26 16:06:20] [1] "sans"
INFO [2022-08-26 16:06:20] 
INFO [2022-08-26 16:06:20] $margin
INFO [2022-08-26 16:06:20] [1] 0.05
INFO [2022-08-26 16:06:20] 
INFO [2022-08-26 16:06:20] [[17]]
INFO [2022-08-26 16:06:20] 
INFO [2022-08-26 16:06:20] 
