INFO [2022-08-26 16:00:33] $x
INFO [2022-08-26 16:00:33] list_venn
INFO [2022-08-26 16:00:33] 
INFO [2022-08-26 16:00:33] $filename
INFO [2022-08-26 16:00:33] NULL
INFO [2022-08-26 16:00:33] 
INFO [2022-08-26 16:00:33] $imagetype
INFO [2022-08-26 16:00:33] [1] "png"
INFO [2022-08-26 16:00:33] 
INFO [2022-08-26 16:00:33] $resolution
INFO [2022-08-26 16:00:33] [1] 600
INFO [2022-08-26 16:00:33] 
INFO [2022-08-26 16:00:33] $disable.logging
INFO [2022-08-26 16:00:33] T
INFO [2022-08-26 16:00:33] 
INFO [2022-08-26 16:00:33] $lwd
INFO [2022-08-26 16:00:33] [1] 2
INFO [2022-08-26 16:00:33] 
INFO [2022-08-26 16:00:33] $lty
INFO [2022-08-26 16:00:33] [1] "blank"
INFO [2022-08-26 16:00:33] 
INFO [2022-08-26 16:00:33] $fill
INFO [2022-08-26 16:00:33] c("#F8766D", "#00BFC4")
INFO [2022-08-26 16:00:33] 
INFO [2022-08-26 16:00:33] $cex
INFO [2022-08-26 16:00:33] c(1, 1, 1)
INFO [2022-08-26 16:00:33] 
INFO [2022-08-26 16:00:33] $fontfamily
INFO [2022-08-26 16:00:33] [1] "sans"
INFO [2022-08-26 16:00:33] 
INFO [2022-08-26 16:00:33] $ext.text
INFO [2022-08-26 16:00:33] F
INFO [2022-08-26 16:00:33] 
INFO [2022-08-26 16:00:33] $scaled
INFO [2022-08-26 16:00:33] F
INFO [2022-08-26 16:00:33] 
INFO [2022-08-26 16:00:33] $cat.cex
INFO [2022-08-26 16:00:33] [1] 1
INFO [2022-08-26 16:00:33] 
INFO [2022-08-26 16:00:33] $cat.fontface
INFO [2022-08-26 16:00:33] [1] "bold"
INFO [2022-08-26 16:00:33] 
INFO [2022-08-26 16:00:33] $cat.fontfamily
INFO [2022-08-26 16:00:33] [1] "sans"
INFO [2022-08-26 16:00:33] 
INFO [2022-08-26 16:00:33] $margin
INFO [2022-08-26 16:00:33] [1] 0.05
INFO [2022-08-26 16:00:33] 
INFO [2022-08-26 16:00:33] [[17]]
INFO [2022-08-26 16:00:33] 
INFO [2022-08-26 16:00:33] 
