INFO [2022-08-26 14:41:01] $x
INFO [2022-08-26 14:41:01] gs_venn_lists
INFO [2022-08-26 14:41:01] 
INFO [2022-08-26 14:41:01] $filename
INFO [2022-08-26 14:41:01] NULL
INFO [2022-08-26 14:41:01] 
INFO [2022-08-26 14:41:01] $imagetype
INFO [2022-08-26 14:41:01] [1] "png"
INFO [2022-08-26 14:41:01] 
INFO [2022-08-26 14:41:01] $resolution
INFO [2022-08-26 14:41:01] [1] 600
INFO [2022-08-26 14:41:01] 
INFO [2022-08-26 14:41:01] $disable.logging
INFO [2022-08-26 14:41:01] T
INFO [2022-08-26 14:41:01] 
INFO [2022-08-26 14:41:01] $lwd
INFO [2022-08-26 14:41:01] [1] 2
INFO [2022-08-26 14:41:01] 
INFO [2022-08-26 14:41:01] $lty
INFO [2022-08-26 14:41:01] [1] "blank"
INFO [2022-08-26 14:41:01] 
INFO [2022-08-26 14:41:01] $inverted
INFO [2022-08-26 14:41:01] [1] FALSE
INFO [2022-08-26 14:41:01] 
INFO [2022-08-26 14:41:01] $fill
INFO [2022-08-26 14:41:01] c("#F8766D", "#00BFC4")
INFO [2022-08-26 14:41:01] 
INFO [2022-08-26 14:41:01] $cex
INFO [2022-08-26 14:41:01] c(0.7, 0.7, 0.7)
INFO [2022-08-26 14:41:01] 
INFO [2022-08-26 14:41:01] $fontfamily
INFO [2022-08-26 14:41:01] [1] "sans"
INFO [2022-08-26 14:41:01] 
INFO [2022-08-26 14:41:01] $ext.text
INFO [2022-08-26 14:41:01] F
INFO [2022-08-26 14:41:01] 
INFO [2022-08-26 14:41:01] $scaled
INFO [2022-08-26 14:41:01] F
INFO [2022-08-26 14:41:01] 
INFO [2022-08-26 14:41:01] $cat.cex
INFO [2022-08-26 14:41:01] [1] 1.2
INFO [2022-08-26 14:41:01] 
INFO [2022-08-26 14:41:01] $cat.fontface
INFO [2022-08-26 14:41:01] [1] "bold"
INFO [2022-08-26 14:41:01] 
INFO [2022-08-26 14:41:01] $cat.fontfamily
INFO [2022-08-26 14:41:01] [1] "sans"
INFO [2022-08-26 14:41:01] 
INFO [2022-08-26 14:41:01] $margin
INFO [2022-08-26 14:41:01] [1] 0.05
INFO [2022-08-26 14:41:01] 
INFO [2022-08-26 14:41:01] [[18]]
INFO [2022-08-26 14:41:01] 
INFO [2022-08-26 14:41:01] 
