INFO [2022-08-26 14:38:03] $x
INFO [2022-08-26 14:38:03] gs_venn_lists
INFO [2022-08-26 14:38:03] 
INFO [2022-08-26 14:38:03] $filename
INFO [2022-08-26 14:38:03] NULL
INFO [2022-08-26 14:38:03] 
INFO [2022-08-26 14:38:03] $imagetype
INFO [2022-08-26 14:38:03] [1] "png"
INFO [2022-08-26 14:38:03] 
INFO [2022-08-26 14:38:03] $resolution
INFO [2022-08-26 14:38:03] [1] 600
INFO [2022-08-26 14:38:03] 
INFO [2022-08-26 14:38:03] $disable.logging
INFO [2022-08-26 14:38:03] T
INFO [2022-08-26 14:38:03] 
INFO [2022-08-26 14:38:03] $lwd
INFO [2022-08-26 14:38:03] [1] 2
INFO [2022-08-26 14:38:03] 
INFO [2022-08-26 14:38:03] $lty
INFO [2022-08-26 14:38:03] [1] "blank"
INFO [2022-08-26 14:38:03] 
INFO [2022-08-26 14:38:03] $fill
INFO [2022-08-26 14:38:03] c("#F8766D", "#00BFC4")
INFO [2022-08-26 14:38:03] 
INFO [2022-08-26 14:38:03] $cex
INFO [2022-08-26 14:38:03] c(0.7, 0.7, 0.7)
INFO [2022-08-26 14:38:03] 
INFO [2022-08-26 14:38:03] $fontfamily
INFO [2022-08-26 14:38:03] [1] "sans"
INFO [2022-08-26 14:38:03] 
INFO [2022-08-26 14:38:03] $ext.text
INFO [2022-08-26 14:38:03] F
INFO [2022-08-26 14:38:03] 
INFO [2022-08-26 14:38:03] $scaled
INFO [2022-08-26 14:38:03] F
INFO [2022-08-26 14:38:03] 
INFO [2022-08-26 14:38:03] $cat.cex
INFO [2022-08-26 14:38:03] [1] 1.2
INFO [2022-08-26 14:38:03] 
INFO [2022-08-26 14:38:03] $cat.fontface
INFO [2022-08-26 14:38:03] [1] "bold"
INFO [2022-08-26 14:38:03] 
INFO [2022-08-26 14:38:03] $cat.fontfamily
INFO [2022-08-26 14:38:03] [1] "sans"
INFO [2022-08-26 14:38:03] 
INFO [2022-08-26 14:38:03] $margin
INFO [2022-08-26 14:38:03] [1] 0.05
INFO [2022-08-26 14:38:03] 
INFO [2022-08-26 14:38:03] [[17]]
INFO [2022-08-26 14:38:03] 
INFO [2022-08-26 14:38:03] 
