INFO [2022-08-26 14:37:15] $x
INFO [2022-08-26 14:37:15] gs_venn_lists
INFO [2022-08-26 14:37:15] 
INFO [2022-08-26 14:37:15] $filename
INFO [2022-08-26 14:37:15] NULL
INFO [2022-08-26 14:37:15] 
INFO [2022-08-26 14:37:15] $imagetype
INFO [2022-08-26 14:37:15] [1] "png"
INFO [2022-08-26 14:37:15] 
INFO [2022-08-26 14:37:15] $resolution
INFO [2022-08-26 14:37:15] [1] 600
INFO [2022-08-26 14:37:15] 
INFO [2022-08-26 14:37:15] $disable.logging
INFO [2022-08-26 14:37:15] T
INFO [2022-08-26 14:37:15] 
INFO [2022-08-26 14:37:15] $lwd
INFO [2022-08-26 14:37:15] [1] 2
INFO [2022-08-26 14:37:15] 
INFO [2022-08-26 14:37:15] $lty
INFO [2022-08-26 14:37:15] [1] "blank"
INFO [2022-08-26 14:37:15] 
INFO [2022-08-26 14:37:15] $fill
INFO [2022-08-26 14:37:15] c("#F8766D", "#00BFC4")
INFO [2022-08-26 14:37:15] 
INFO [2022-08-26 14:37:15] $cex
INFO [2022-08-26 14:37:15] c(0.7, 0.7, 0.7)
INFO [2022-08-26 14:37:15] 
INFO [2022-08-26 14:37:15] $fontfamily
INFO [2022-08-26 14:37:15] [1] "sans"
INFO [2022-08-26 14:37:15] 
INFO [2022-08-26 14:37:15] $ext.text
INFO [2022-08-26 14:37:15] F
INFO [2022-08-26 14:37:15] 
INFO [2022-08-26 14:37:15] $scaled
INFO [2022-08-26 14:37:15] F
INFO [2022-08-26 14:37:15] 
INFO [2022-08-26 14:37:15] $cat.cex
INFO [2022-08-26 14:37:15] [1] 1.5
INFO [2022-08-26 14:37:15] 
INFO [2022-08-26 14:37:15] $cat.fontface
INFO [2022-08-26 14:37:15] [1] "bold"
INFO [2022-08-26 14:37:15] 
INFO [2022-08-26 14:37:15] $cat.fontfamily
INFO [2022-08-26 14:37:15] [1] "sans"
INFO [2022-08-26 14:37:15] 
INFO [2022-08-26 14:37:15] $margin
INFO [2022-08-26 14:37:15] [1] 0.05
INFO [2022-08-26 14:37:15] 
INFO [2022-08-26 14:37:15] [[17]]
INFO [2022-08-26 14:37:15] 
INFO [2022-08-26 14:37:15] 
