INFO [2022-08-26 14:41:50] $x
INFO [2022-08-26 14:41:50] gs_venn_lists
INFO [2022-08-26 14:41:50] 
INFO [2022-08-26 14:41:50] $filename
INFO [2022-08-26 14:41:50] NULL
INFO [2022-08-26 14:41:50] 
INFO [2022-08-26 14:41:50] $imagetype
INFO [2022-08-26 14:41:50] [1] "png"
INFO [2022-08-26 14:41:50] 
INFO [2022-08-26 14:41:50] $resolution
INFO [2022-08-26 14:41:50] [1] 600
INFO [2022-08-26 14:41:50] 
INFO [2022-08-26 14:41:50] $disable.logging
INFO [2022-08-26 14:41:50] T
INFO [2022-08-26 14:41:50] 
INFO [2022-08-26 14:41:50] $lwd
INFO [2022-08-26 14:41:50] [1] 2
INFO [2022-08-26 14:41:50] 
INFO [2022-08-26 14:41:50] $lty
INFO [2022-08-26 14:41:50] [1] "blank"
INFO [2022-08-26 14:41:50] 
INFO [2022-08-26 14:41:50] $inverted
INFO [2022-08-26 14:41:50] T
INFO [2022-08-26 14:41:50] 
INFO [2022-08-26 14:41:50] $fill
INFO [2022-08-26 14:41:50] c("#F8766D", "#00BFC4")
INFO [2022-08-26 14:41:50] 
INFO [2022-08-26 14:41:50] $cex
INFO [2022-08-26 14:41:50] c(0.7, 0.7, 0.7)
INFO [2022-08-26 14:41:50] 
INFO [2022-08-26 14:41:50] $fontfamily
INFO [2022-08-26 14:41:50] [1] "sans"
INFO [2022-08-26 14:41:50] 
INFO [2022-08-26 14:41:50] $ext.text
INFO [2022-08-26 14:41:50] F
INFO [2022-08-26 14:41:50] 
INFO [2022-08-26 14:41:50] $scaled
INFO [2022-08-26 14:41:50] F
INFO [2022-08-26 14:41:50] 
INFO [2022-08-26 14:41:50] $cat.cex
INFO [2022-08-26 14:41:50] [1] 1.2
INFO [2022-08-26 14:41:50] 
INFO [2022-08-26 14:41:50] $cat.fontface
INFO [2022-08-26 14:41:50] [1] "bold"
INFO [2022-08-26 14:41:50] 
INFO [2022-08-26 14:41:50] $cat.fontfamily
INFO [2022-08-26 14:41:50] [1] "sans"
INFO [2022-08-26 14:41:50] 
INFO [2022-08-26 14:41:50] $margin
INFO [2022-08-26 14:41:50] [1] 0.05
INFO [2022-08-26 14:41:50] 
INFO [2022-08-26 14:41:50] [[18]]
INFO [2022-08-26 14:41:50] 
INFO [2022-08-26 14:41:50] 
