INFO [2022-08-26 09:46:20] $x
INFO [2022-08-26 09:46:20] list_venn
INFO [2022-08-26 09:46:20] 
INFO [2022-08-26 09:46:20] $filename
INFO [2022-08-26 09:46:20] NULL
INFO [2022-08-26 09:46:20] 
INFO [2022-08-26 09:46:20] $imagetype
INFO [2022-08-26 09:46:20] [1] "png"
INFO [2022-08-26 09:46:20] 
INFO [2022-08-26 09:46:20] $resolution
INFO [2022-08-26 09:46:20] [1] 300
INFO [2022-08-26 09:46:20] 
INFO [2022-08-26 09:46:20] $disable.logging
INFO [2022-08-26 09:46:20] T
INFO [2022-08-26 09:46:20] 
INFO [2022-08-26 09:46:20] $lwd
INFO [2022-08-26 09:46:20] [1] 2
INFO [2022-08-26 09:46:20] 
INFO [2022-08-26 09:46:20] $lty
INFO [2022-08-26 09:46:20] [1] "blank"
INFO [2022-08-26 09:46:20] 
INFO [2022-08-26 09:46:20] $fill
INFO [2022-08-26 09:46:20] c(alpha("#66C2A5", 0.5), alpha("#FC8D62", 0.5))
INFO [2022-08-26 09:46:20] 
INFO [2022-08-26 09:46:20] $cex
INFO [2022-08-26 09:46:20] [1] 0.7
INFO [2022-08-26 09:46:20] 
INFO [2022-08-26 09:46:20] $fontface
INFO [2022-08-26 09:46:20] [1] "bold"
INFO [2022-08-26 09:46:20] 
INFO [2022-08-26 09:46:20] $fontfamily
INFO [2022-08-26 09:46:20] [1] "sans"
INFO [2022-08-26 09:46:20] 
INFO [2022-08-26 09:46:20] $ext.text
INFO [2022-08-26 09:46:20] F
INFO [2022-08-26 09:46:20] 
INFO [2022-08-26 09:46:20] $scaled
INFO [2022-08-26 09:46:20] T
INFO [2022-08-26 09:46:20] 
INFO [2022-08-26 09:46:20] $cat.cex
INFO [2022-08-26 09:46:20] [1] 0.8
INFO [2022-08-26 09:46:20] 
INFO [2022-08-26 09:46:20] $cat.fontface
INFO [2022-08-26 09:46:20] [1] "bold"
INFO [2022-08-26 09:46:20] 
INFO [2022-08-26 09:46:20] $cat.fontfamily
INFO [2022-08-26 09:46:20] [1] "sans"
INFO [2022-08-26 09:46:20] 
INFO [2022-08-26 09:46:20] $cat.pos
INFO [2022-08-26 09:46:20] c(177, 177)
INFO [2022-08-26 09:46:20] 
