INFO [2022-08-25 11:22:33] $x
INFO [2022-08-25 11:22:33] gs_venn_lists
INFO [2022-08-25 11:22:33] 
INFO [2022-08-25 11:22:33] $filename
INFO [2022-08-25 11:22:33] NULL
INFO [2022-08-25 11:22:33] 
INFO [2022-08-25 11:22:33] $imagetype
INFO [2022-08-25 11:22:33] [1] "png"
INFO [2022-08-25 11:22:33] 
INFO [2022-08-25 11:22:33] $resolution
INFO [2022-08-25 11:22:33] [1] 300
INFO [2022-08-25 11:22:33] 
INFO [2022-08-25 11:22:33] $disable.logging
INFO [2022-08-25 11:22:33] T
INFO [2022-08-25 11:22:33] 
INFO [2022-08-25 11:22:33] $lwd
INFO [2022-08-25 11:22:33] [1] 2
INFO [2022-08-25 11:22:33] 
INFO [2022-08-25 11:22:33] $lty
INFO [2022-08-25 11:22:33] [1] "blank"
INFO [2022-08-25 11:22:33] 
INFO [2022-08-25 11:22:33] $fill
INFO [2022-08-25 11:22:33] c(alpha("#66C2A5", 0.5), alpha("#FC8D62", 0.5))
INFO [2022-08-25 11:22:33] 
INFO [2022-08-25 11:22:33] $cex
INFO [2022-08-25 11:22:33] [1] 0.4
INFO [2022-08-25 11:22:33] 
INFO [2022-08-25 11:22:33] $fontface
INFO [2022-08-25 11:22:33] [1] "bold"
INFO [2022-08-25 11:22:33] 
INFO [2022-08-25 11:22:33] $fontfamily
INFO [2022-08-25 11:22:33] [1] "sans"
INFO [2022-08-25 11:22:33] 
INFO [2022-08-25 11:22:33] $ext.text
INFO [2022-08-25 11:22:33] F
INFO [2022-08-25 11:22:33] 
INFO [2022-08-25 11:22:33] $scaled
INFO [2022-08-25 11:22:33] T
INFO [2022-08-25 11:22:33] 
INFO [2022-08-25 11:22:33] $cat.cex
INFO [2022-08-25 11:22:33] [1] 0.8
INFO [2022-08-25 11:22:33] 
INFO [2022-08-25 11:22:33] $cat.fontface
INFO [2022-08-25 11:22:33] [1] "bold"
INFO [2022-08-25 11:22:33] 
INFO [2022-08-25 11:22:33] $cat.fontfamily
INFO [2022-08-25 11:22:33] [1] "sans"
INFO [2022-08-25 11:22:33] 
INFO [2022-08-25 11:22:33] [[17]]
INFO [2022-08-25 11:22:33] 
INFO [2022-08-25 11:22:33] 
