INFO [2022-08-26 09:46:34] $x
INFO [2022-08-26 09:46:34] gs_venn_lists
INFO [2022-08-26 09:46:34] 
INFO [2022-08-26 09:46:34] $filename
INFO [2022-08-26 09:46:34] NULL
INFO [2022-08-26 09:46:34] 
INFO [2022-08-26 09:46:34] $imagetype
INFO [2022-08-26 09:46:34] [1] "png"
INFO [2022-08-26 09:46:34] 
INFO [2022-08-26 09:46:34] $resolution
INFO [2022-08-26 09:46:34] [1] 300
INFO [2022-08-26 09:46:34] 
INFO [2022-08-26 09:46:34] $disable.logging
INFO [2022-08-26 09:46:34] T
INFO [2022-08-26 09:46:34] 
INFO [2022-08-26 09:46:34] $lwd
INFO [2022-08-26 09:46:34] [1] 2
INFO [2022-08-26 09:46:34] 
INFO [2022-08-26 09:46:34] $lty
INFO [2022-08-26 09:46:34] [1] "blank"
INFO [2022-08-26 09:46:34] 
INFO [2022-08-26 09:46:34] $fill
INFO [2022-08-26 09:46:34] c(alpha("#66C2A5", 0.5), alpha("#FC8D62", 0.5))
INFO [2022-08-26 09:46:34] 
INFO [2022-08-26 09:46:34] $cex
INFO [2022-08-26 09:46:34] [1] 0.4
INFO [2022-08-26 09:46:34] 
INFO [2022-08-26 09:46:34] $fontface
INFO [2022-08-26 09:46:34] [1] "bold"
INFO [2022-08-26 09:46:34] 
INFO [2022-08-26 09:46:34] $fontfamily
INFO [2022-08-26 09:46:34] [1] "sans"
INFO [2022-08-26 09:46:34] 
INFO [2022-08-26 09:46:34] $ext.text
INFO [2022-08-26 09:46:34] F
INFO [2022-08-26 09:46:34] 
INFO [2022-08-26 09:46:34] $scaled
INFO [2022-08-26 09:46:34] T
INFO [2022-08-26 09:46:34] 
INFO [2022-08-26 09:46:34] $cat.cex
INFO [2022-08-26 09:46:34] [1] 0.8
INFO [2022-08-26 09:46:34] 
INFO [2022-08-26 09:46:34] $cat.fontface
INFO [2022-08-26 09:46:34] [1] "bold"
INFO [2022-08-26 09:46:34] 
INFO [2022-08-26 09:46:34] $cat.fontfamily
INFO [2022-08-26 09:46:34] [1] "sans"
INFO [2022-08-26 09:46:34] 
INFO [2022-08-26 09:46:34] [[17]]
INFO [2022-08-26 09:46:34] 
INFO [2022-08-26 09:46:34] 
