INFO [2022-08-26 16:01:29] $x
INFO [2022-08-26 16:01:29] list_venn
INFO [2022-08-26 16:01:29] 
INFO [2022-08-26 16:01:29] $filename
INFO [2022-08-26 16:01:29] NULL
INFO [2022-08-26 16:01:29] 
INFO [2022-08-26 16:01:29] $imagetype
INFO [2022-08-26 16:01:29] [1] "png"
INFO [2022-08-26 16:01:29] 
INFO [2022-08-26 16:01:29] $resolution
INFO [2022-08-26 16:01:29] [1] 600
INFO [2022-08-26 16:01:29] 
INFO [2022-08-26 16:01:29] $disable.logging
INFO [2022-08-26 16:01:29] T
INFO [2022-08-26 16:01:29] 
INFO [2022-08-26 16:01:29] $lwd
INFO [2022-08-26 16:01:29] [1] 2
INFO [2022-08-26 16:01:29] 
INFO [2022-08-26 16:01:29] $lty
INFO [2022-08-26 16:01:29] [1] "blank"
INFO [2022-08-26 16:01:29] 
INFO [2022-08-26 16:01:29] $fill
INFO [2022-08-26 16:01:29] c("#F8766D", "#00BFC4")
INFO [2022-08-26 16:01:29] 
INFO [2022-08-26 16:01:29] $cex
INFO [2022-08-26 16:01:29] c(1, 1, 1)
INFO [2022-08-26 16:01:29] 
INFO [2022-08-26 16:01:29] $fontfamily
INFO [2022-08-26 16:01:29] [1] "sans"
INFO [2022-08-26 16:01:29] 
INFO [2022-08-26 16:01:29] $ext.text
INFO [2022-08-26 16:01:29] F
INFO [2022-08-26 16:01:29] 
INFO [2022-08-26 16:01:29] $scaled
INFO [2022-08-26 16:01:29] F
INFO [2022-08-26 16:01:29] 
INFO [2022-08-26 16:01:29] $cat.cex
INFO [2022-08-26 16:01:29] [1] 1
INFO [2022-08-26 16:01:29] 
INFO [2022-08-26 16:01:29] $cat.fontface
INFO [2022-08-26 16:01:29] [1] "bold"
INFO [2022-08-26 16:01:29] 
INFO [2022-08-26 16:01:29] $cat.fontfamily
INFO [2022-08-26 16:01:29] [1] "sans"
INFO [2022-08-26 16:01:29] 
INFO [2022-08-26 16:01:29] $margin
INFO [2022-08-26 16:01:29] [1] 0.05
INFO [2022-08-26 16:01:29] 
INFO [2022-08-26 16:01:29] [[17]]
INFO [2022-08-26 16:01:29] 
INFO [2022-08-26 16:01:29] 
